<?xml version="1.0" encoding="UTF-8" ?>
<testsuite tests="1" failures="0" name="ro.sapientia.mesteri2015.SCRUMTitleTest" time="0.007" errors="1" skipped="0">
  <properties>
[...]
</properties>
  <testcase classname="ro.sapientia.mesteri2015.SCRUMTitleTest" name="initializationError" time="0.007">
    <error message="Duplicate step definitions in ro.sapientia.mesteri2015.test.SCRUMTitleStepDefinition.I_enter_in_the_title_textbox_and_I_push_the_add_button(String) in file:/c:/Dropbox/Mesteri/Minoseg/Gyakorlat/Git/Labor/sapi02/target/test-classes/ and ro.sapientia.mesteri2015.test.SCRUMStoryPointStepDefinition.I_enter_in_the_title_textbox_and_I_push_the_add_button(String) in file:/c:/Dropbox/Mesteri/Minoseg/Gyakorlat/Git/Labor/sapi02/target/test-classes/" type="cucumber.runtime.DuplicateStepDefinitionException">cucumber.runtime.DuplicateStepDefinitionException: Duplicate step definitions in ro.sapientia.mesteri2015.test.SCRUMTitleStepDefinition.I_enter_in_the_title_textbox_and_I_push_the_add_button(String) in file:/c:/Dropbox/Mesteri/Minoseg/Gyakorlat/Git/Labor/sapi02/target/test-classes/ and ro.sapientia.mesteri2015.test.SCRUMStoryPointStepDefinition.I_enter_in_the_title_textbox_and_I_push_the_add_button(String) in file:/c:/Dropbox/Mesteri/Minoseg/Gyakorlat/Git/Labor/sapi02/target/test-classes/
	at cucumber.runtime.RuntimeGlue.addStepDefinition(RuntimeGlue.java:47)
	at cucumber.runtime.java.JavaBackend.addStepDefinition(JavaBackend.java:92)
	at cucumber.runtime.java.ClasspathMethodScanner.scan(ClasspathMethodScanner.java:68)
	at cucumber.runtime.java.ClasspathMethodScanner.scan(ClasspathMethodScanner.java:41)
	at cucumber.runtime.java.JavaBackend.loadGlue(JavaBackend.java:53)
	at cucumber.runtime.Runtime.&lt;init&gt;(Runtime.java:74)
	at cucumber.runtime.Runtime.&lt;init&gt;(Runtime.java:61)
	at cucumber.api.junit.Cucumber.&lt;init&gt;(Cucumber.java:59)
	at sun.reflect.NativeConstructorAccessorImpl.newInstance0(Native Method)
	at sun.reflect.NativeConstructorAccessorImpl.newInstance(NativeConstructorAccessorImpl.java:62)
	at sun.reflect.DelegatingConstructorAccessorImpl.newInstance(DelegatingConstructorAccessorImpl.java:45)
	at java.lang.reflect.Constructor.newInstance(Constructor.java:422)
	at org.junit.internal.builders.AnnotatedBuilder.buildRunner(AnnotatedBuilder.java:29)
	at org.junit.internal.builders.AnnotatedBuilder.runnerForClass(AnnotatedBuilder.java:21)
	at org.junit.runners.model.RunnerBuilder.safeRunnerForClass(RunnerBuilder.java:59)
	at org.junit.internal.builders.AllDefaultPossibilitiesBuilder.runnerForClass(AllDefaultPossibilitiesBuilder.java:26)
	at org.junit.runners.model.RunnerBuilder.safeRunnerForClass(RunnerBuilder.java:59)
	at org.junit.internal.requests.ClassRequest.getRunner(ClassRequest.java:26)
	at org.apache.maven.surefire.junit4.JUnit4Provider.execute(JUnit4Provider.java:250)
	at org.apache.maven.surefire.junit4.JUnit4Provider.executeTestSet(JUnit4Provider.java:141)
	at org.apache.maven.surefire.junit4.JUnit4Provider.invoke(JUnit4Provider.java:112)
	at sun.reflect.NativeMethodAccessorImpl.invoke0(Native Method)
	at sun.reflect.NativeMethodAccessorImpl.invoke(NativeMethodAccessorImpl.java:62)
	at sun.reflect.DelegatingMethodAccessorImpl.invoke(DelegatingMethodAccessorImpl.java:43)
	at java.lang.reflect.Method.invoke(Method.java:497)
	at org.apache.maven.surefire.util.ReflectionUtils.invokeMethodWithArray(ReflectionUtils.java:189)
	at org.apache.maven.surefire.booter.ProviderFactory$ProviderProxy.invoke(ProviderFactory.java:165)
	at org.apache.maven.surefire.booter.ProviderFactory.invokeProvider(ProviderFactory.java:85)
	at org.apache.maven.surefire.booter.ForkedBooter.runSuitesInProcess(ForkedBooter.java:115)
	at org.apache.maven.surefire.booter.ForkedBooter.main(ForkedBooter.java:75)
</error>
  </testcase>
</testsuite>